<?xml version="1.0" encoding="utf-8"?><testsuites><testsuite name="pytest" errors="0" failures="0" skipped="0" tests="269" time="3.584" timestamp="2023-05-13T09:31:08.546992" hostname="cluster-node2"><testcase classname="tests.twtags_test" name="test_tw_feature_value[tw_feature0-attr_color0-50]" time="0.008" /><testcase classname="tests.twtags_test" name="test_tw_feature_value[tw_feature0-attr_color0-100]" time="0.004" /><testcase classname="tests.twtags_test" name="test_tw_feature_value[tw_feature0-attr_color0-500]" time="0.005" /><testcase classname="tests.twtags_test" name="test_tw_feature_value[tw_feature0-attr_color0-1]" time="0.006" /><testcase classname="tests.twtags_test" name="test_tw_feature_value[tw_feature0-attr_color0-5]" time="0.005" /><testcase classname="tests.twtags_test" name="test_tw_feature_value[tw_feature0-attr_color1-50]" time="0.007" /><testcase classname="tests.twtags_test" name="test_tw_feature_value[tw_feature0-attr_color1-100]" time="0.004" /><testcase classname="tests.twtags_test" name="test_tw_feature_value[tw_feature0-attr_color1-500]" time="0.004" /><testcase classname="tests.twtags_test" name="test_tw_feature_value[tw_feature0-attr_color1-1]" time="0.004" /><testcase classname="tests.twtags_test" name="test_tw_feature_value[tw_feature0-attr_color1-5]" time="0.004" /><testcase classname="tests.twtags_test" name="test_tw_feature_value[tw_feature0-attr_color2-50]" time="0.004" /><testcase classname="tests.twtags_test" name="test_tw_feature_value[tw_feature0-attr_color2-100]" time="0.004" /><testcase classname="tests.twtags_test" name="test_tw_feature_value[tw_feature0-attr_color2-500]" time="0.006" /><testcase classname="tests.twtags_test" name="test_tw_feature_value[tw_feature0-attr_color2-1]" time="0.005" /><testcase classname="tests.twtags_test" name="test_tw_feature_value[tw_feature0-attr_color2-5]" time="0.005" /><testcase classname="tests.twtags_test" name="test_tw_feature_value[tw_feature1-attr_color0-50]" time="0.006" /><testcase classname="tests.twtags_test" name="test_tw_feature_value[tw_feature1-attr_color0-100]" time="0.004" /><testcase classname="tests.twtags_test" name="test_tw_feature_value[tw_feature1-attr_color0-500]" time="0.004" /><testcase classname="tests.twtags_test" name="test_tw_feature_value[tw_feature1-attr_color0-1]" time="0.005" /><testcase classname="tests.twtags_test" name="test_tw_feature_value[tw_feature1-attr_color0-5]" time="0.004" /><testcase classname="tests.twtags_test" name="test_tw_feature_value[tw_feature1-attr_color1-50]" time="0.004" /><testcase classname="tests.twtags_test" name="test_tw_feature_value[tw_feature1-attr_color1-100]" time="0.005" /><testcase classname="tests.twtags_test" name="test_tw_feature_value[tw_feature1-attr_color1-500]" time="0.006" /><testcase classname="tests.twtags_test" name="test_tw_feature_value[tw_feature1-attr_color1-1]" time="0.005" /><testcase classname="tests.twtags_test" name="test_tw_feature_value[tw_feature1-attr_color1-5]" time="0.006" /><testcase classname="tests.twtags_test" name="test_tw_feature_value[tw_feature1-attr_color2-50]" time="0.005" /><testcase classname="tests.twtags_test" name="test_tw_feature_value[tw_feature1-attr_color2-100]" time="0.004" /><testcase classname="tests.twtags_test" name="test_tw_feature_value[tw_feature1-attr_color2-500]" time="0.004" /><testcase classname="tests.twtags_test" name="test_tw_feature_value[tw_feature1-attr_color2-1]" time="0.005" /><testcase classname="tests.twtags_test" name="test_tw_feature_value[tw_feature1-attr_color2-5]" time="0.004" /><testcase classname="tests.twtags_test" name="test_tw_feature_value[tw_feature2-attr_color0-50]" time="0.005" /><testcase classname="tests.twtags_test" name="test_tw_feature_value[tw_feature2-attr_color0-100]" time="0.006" /><testcase classname="tests.twtags_test" name="test_tw_feature_value[tw_feature2-attr_color0-500]" time="0.005" /><testcase classname="tests.twtags_test" name="test_tw_feature_value[tw_feature2-attr_color0-1]" time="0.005" /><testcase classname="tests.twtags_test" name="test_tw_feature_value[tw_feature2-attr_color0-5]" time="0.007" /><testcase classname="tests.twtags_test" name="test_tw_feature_value[tw_feature2-attr_color1-50]" time="0.005" /><testcase classname="tests.twtags_test" name="test_tw_feature_value[tw_feature2-attr_color1-100]" time="0.004" /><testcase classname="tests.twtags_test" name="test_tw_feature_value[tw_feature2-attr_color1-500]" time="0.005" /><testcase classname="tests.twtags_test" name="test_tw_feature_value[tw_feature2-attr_color1-1]" time="0.004" /><testcase classname="tests.twtags_test" name="test_tw_feature_value[tw_feature2-attr_color1-5]" time="0.004" /><testcase classname="tests.twtags_test" name="test_tw_feature_value[tw_feature2-attr_color2-50]" time="0.004" /><testcase classname="tests.twtags_test" name="test_tw_feature_value[tw_feature2-attr_color2-100]" time="0.006" /><testcase classname="tests.twtags_test" name="test_tw_feature_value[tw_feature2-attr_color2-500]" time="0.005" /><testcase classname="tests.twtags_test" name="test_tw_feature_value[tw_feature2-attr_color2-1]" time="0.005" /><testcase classname="tests.twtags_test" name="test_tw_feature_value[tw_feature2-attr_color2-5]" time="0.007" /><testcase classname="tests.twtags_test" name="test_comment_out[tw_feature0-attr_color0-50]" time="0.005" /><testcase classname="tests.twtags_test" name="test_comment_out[tw_feature0-attr_color0-100]" time="0.004" /><testcase classname="tests.twtags_test" name="test_comment_out[tw_feature0-attr_color0-500]" time="0.005" /><testcase classname="tests.twtags_test" name="test_comment_out[tw_feature0-attr_color0-1]" time="0.004" /><testcase classname="tests.twtags_test" name="test_comment_out[tw_feature0-attr_color0-5]" time="0.004" /><testcase classname="tests.twtags_test" name="test_comment_out[tw_feature0-attr_color1-50]" time="0.004" /><testcase classname="tests.twtags_test" name="test_comment_out[tw_feature0-attr_color1-100]" time="0.006" /><testcase classname="tests.twtags_test" name="test_comment_out[tw_feature0-attr_color1-500]" time="0.005" /><testcase classname="tests.twtags_test" name="test_comment_out[tw_feature0-attr_color1-1]" time="0.005" /><testcase classname="tests.twtags_test" name="test_comment_out[tw_feature0-attr_color1-5]" time="0.006" /><testcase classname="tests.twtags_test" name="test_comment_out[tw_feature0-attr_color2-50]" time="0.004" /><testcase classname="tests.twtags_test" name="test_comment_out[tw_feature0-attr_color2-100]" time="0.005" /><testcase classname="tests.twtags_test" name="test_comment_out[tw_feature0-attr_color2-500]" time="0.005" /><testcase classname="tests.twtags_test" name="test_comment_out[tw_feature0-attr_color2-1]" time="0.005" /><testcase classname="tests.twtags_test" name="test_comment_out[tw_feature0-attr_color2-5]" time="0.004" /><testcase classname="tests.twtags_test" name="test_comment_out[tw_feature1-attr_color0-50]" time="0.006" /><testcase classname="tests.twtags_test" name="test_comment_out[tw_feature1-attr_color0-100]" time="0.005" /><testcase classname="tests.twtags_test" name="test_comment_out[tw_feature1-attr_color0-500]" time="0.005" /><testcase classname="tests.twtags_test" name="test_comment_out[tw_feature1-attr_color0-1]" time="0.005" /><testcase classname="tests.twtags_test" name="test_comment_out[tw_feature1-attr_color0-5]" time="0.005" /><testcase classname="tests.twtags_test" name="test_comment_out[tw_feature1-attr_color1-50]" time="0.006" /><testcase classname="tests.twtags_test" name="test_comment_out[tw_feature1-attr_color1-100]" time="0.006" /><testcase classname="tests.twtags_test" name="test_comment_out[tw_feature1-attr_color1-500]" time="0.005" /><testcase classname="tests.twtags_test" name="test_comment_out[tw_feature1-attr_color1-1]" time="0.005" /><testcase classname="tests.twtags_test" name="test_comment_out[tw_feature1-attr_color1-5]" time="0.005" /><testcase classname="tests.twtags_test" name="test_comment_out[tw_feature1-attr_color2-50]" time="0.005" /><testcase classname="tests.twtags_test" name="test_comment_out[tw_feature1-attr_color2-100]" time="0.005" /><testcase classname="tests.twtags_test" name="test_comment_out[tw_feature1-attr_color2-500]" time="0.006" /><testcase classname="tests.twtags_test" name="test_comment_out[tw_feature1-attr_color2-1]" time="0.005" /><testcase classname="tests.twtags_test" name="test_comment_out[tw_feature1-attr_color2-5]" time="0.006" /><testcase classname="tests.twtags_test" name="test_comment_out[tw_feature2-attr_color0-50]" time="0.005" /><testcase classname="tests.twtags_test" name="test_comment_out[tw_feature2-attr_color0-100]" time="0.004" /><testcase classname="tests.twtags_test" name="test_comment_out[tw_feature2-attr_color0-500]" time="0.004" /><testcase classname="tests.twtags_test" name="test_comment_out[tw_feature2-attr_color0-1]" time="0.005" /><testcase classname="tests.twtags_test" name="test_comment_out[tw_feature2-attr_color0-5]" time="0.004" /><testcase classname="tests.twtags_test" name="test_comment_out[tw_feature2-attr_color1-50]" time="0.004" /><testcase classname="tests.twtags_test" name="test_comment_out[tw_feature2-attr_color1-100]" time="0.005" /><testcase classname="tests.twtags_test" name="test_comment_out[tw_feature2-attr_color1-500]" time="0.006" /><testcase classname="tests.twtags_test" name="test_comment_out[tw_feature2-attr_color1-1]" time="0.005" /><testcase classname="tests.twtags_test" name="test_comment_out[tw_feature2-attr_color1-5]" time="0.005" /><testcase classname="tests.twtags_test" name="test_comment_out[tw_feature2-attr_color2-50]" time="0.005" /><testcase classname="tests.twtags_test" name="test_comment_out[tw_feature2-attr_color2-100]" time="0.004" /><testcase classname="tests.twtags_test" name="test_comment_out[tw_feature2-attr_color2-500]" time="0.004" /><testcase classname="tests.twtags_test" name="test_comment_out[tw_feature2-attr_color2-1]" time="0.005" /><testcase classname="tests.twtags_test" name="test_comment_out[tw_feature2-attr_color2-5]" time="0.004" /><testcase classname="tests.twtags_test" name="test_mrpd_expr_utility[tw_mrpd0-sides0]" time="0.004" /><testcase classname="tests.twtags_test" name="test_mrpd_expr_utility[tw_mrpd0-sides1]" time="0.004" /><testcase classname="tests.twtags_test" name="test_mrpd_expr_utility[tw_mrpd0-sides2]" time="0.005" /><testcase classname="tests.twtags_test" name="test_mrpd_expr_utility[tw_mrpd0-sides3]" time="0.004" /><testcase classname="tests.twtags_test" name="test_mrpd_expr_utility[tw_mrpd1-sides0]" time="0.004" /><testcase classname="tests.twtags_test" name="test_mrpd_expr_utility[tw_mrpd1-sides1]" time="0.005" /><testcase classname="tests.twtags_test" name="test_mrpd_expr_utility[tw_mrpd1-sides2]" time="0.004" /><testcase classname="tests.twtags_test" name="test_mrpd_expr_utility[tw_mrpd1-sides3]" time="0.004" /><testcase classname="tests.twtags_test" name="test_mrpd_utility[tw_mrpd0]" time="0.003" /><testcase classname="tests.twtags_test" name="test_mrpd_utility[tw_mrpd1]" time="0.003" /><testcase classname="tests.twtags_test" name="test_conc_twtags" time="0.003" /><testcase classname="tests.twtags_test" name="test_conc_twtags_same_tagtype" time="0.002" /><testcase classname="tests.twtags_test" name="test_conc_twtags_diff_style_values" time="0.002" /><testcase classname="tests.twtags_test" name="test_bg_color_opacity" time="0.003" /><testcase classname="tests.twtags_test" name="test_outline_boxshadow_tags_and_values" time="0.003" /><testcase classname="tests.twtags_test" name="test_remove_from_twtag_list" time="0.003" /><testcase classname="tests.twtags_test" name="test_remove_absent_item_scenario1" time="0.004" /><testcase classname="tests.twtags_test" name="test_sty_to_json_color_utility_class[tw_feature0-attr_color0-50]" time="0.005" /><testcase classname="tests.twtags_test" name="test_sty_to_json_color_utility_class[tw_feature0-attr_color0-100]" time="0.007" /><testcase classname="tests.twtags_test" name="test_sty_to_json_color_utility_class[tw_feature0-attr_color0-500]" time="0.007" /><testcase classname="tests.twtags_test" name="test_sty_to_json_color_utility_class[tw_feature0-attr_color0-1]" time="0.006" /><testcase classname="tests.twtags_test" name="test_sty_to_json_color_utility_class[tw_feature0-attr_color0-5]" time="0.005" /><testcase classname="tests.twtags_test" name="test_sty_to_json_color_utility_class[tw_feature0-attr_color1-50]" time="0.005" /><testcase classname="tests.twtags_test" name="test_sty_to_json_color_utility_class[tw_feature0-attr_color1-100]" time="0.005" /><testcase classname="tests.twtags_test" name="test_sty_to_json_color_utility_class[tw_feature0-attr_color1-500]" time="0.006" /><testcase classname="tests.twtags_test" name="test_sty_to_json_color_utility_class[tw_feature0-attr_color1-1]" time="0.006" /><testcase classname="tests.twtags_test" name="test_sty_to_json_color_utility_class[tw_feature0-attr_color1-5]" time="0.006" /><testcase classname="tests.twtags_test" name="test_sty_to_json_color_utility_class[tw_feature0-attr_color2-50]" time="0.006" /><testcase classname="tests.twtags_test" name="test_sty_to_json_color_utility_class[tw_feature0-attr_color2-100]" time="0.005" /><testcase classname="tests.twtags_test" name="test_sty_to_json_color_utility_class[tw_feature0-attr_color2-500]" time="0.005" /><testcase classname="tests.twtags_test" name="test_sty_to_json_color_utility_class[tw_feature0-attr_color2-1]" time="0.005" /><testcase classname="tests.twtags_test" name="test_sty_to_json_color_utility_class[tw_feature0-attr_color2-5]" time="0.005" /><testcase classname="tests.twtags_test" name="test_sty_to_json_color_utility_class[tw_feature1-attr_color0-50]" time="0.005" /><testcase classname="tests.twtags_test" name="test_sty_to_json_color_utility_class[tw_feature1-attr_color0-100]" time="0.006" /><testcase classname="tests.twtags_test" name="test_sty_to_json_color_utility_class[tw_feature1-attr_color0-500]" time="0.006" /><testcase classname="tests.twtags_test" name="test_sty_to_json_color_utility_class[tw_feature1-attr_color0-1]" time="0.005" /><testcase classname="tests.twtags_test" name="test_sty_to_json_color_utility_class[tw_feature1-attr_color0-5]" time="0.006" /><testcase classname="tests.twtags_test" name="test_sty_to_json_color_utility_class[tw_feature1-attr_color1-50]" time="0.006" /><testcase classname="tests.twtags_test" name="test_sty_to_json_color_utility_class[tw_feature1-attr_color1-100]" time="0.005" /><testcase classname="tests.twtags_test" name="test_sty_to_json_color_utility_class[tw_feature1-attr_color1-500]" time="0.005" /><testcase classname="tests.twtags_test" name="test_sty_to_json_color_utility_class[tw_feature1-attr_color1-1]" time="0.005" /><testcase classname="tests.twtags_test" name="test_sty_to_json_color_utility_class[tw_feature1-attr_color1-5]" time="0.005" /><testcase classname="tests.twtags_test" name="test_sty_to_json_color_utility_class[tw_feature1-attr_color2-50]" time="0.005" /><testcase classname="tests.twtags_test" name="test_sty_to_json_color_utility_class[tw_feature1-attr_color2-100]" time="0.005" /><testcase classname="tests.twtags_test" name="test_sty_to_json_color_utility_class[tw_feature1-attr_color2-500]" time="0.006" /><testcase classname="tests.twtags_test" name="test_sty_to_json_color_utility_class[tw_feature1-attr_color2-1]" time="0.005" /><testcase classname="tests.twtags_test" name="test_sty_to_json_color_utility_class[tw_feature1-attr_color2-5]" time="0.006" /><testcase classname="tests.twtags_test" name="test_sty_to_json_color_utility_class[tw_feature2-attr_color0-50]" time="0.006" /><testcase classname="tests.twtags_test" name="test_sty_to_json_color_utility_class[tw_feature2-attr_color0-100]" time="0.005" /><testcase classname="tests.twtags_test" name="test_sty_to_json_color_utility_class[tw_feature2-attr_color0-500]" time="0.005" /><testcase classname="tests.twtags_test" name="test_sty_to_json_color_utility_class[tw_feature2-attr_color0-1]" time="0.005" /><testcase classname="tests.twtags_test" name="test_sty_to_json_color_utility_class[tw_feature2-attr_color0-5]" time="0.005" /><testcase classname="tests.twtags_test" name="test_sty_to_json_color_utility_class[tw_feature2-attr_color1-50]" time="0.005" /><testcase classname="tests.twtags_test" name="test_sty_to_json_color_utility_class[tw_feature2-attr_color1-100]" time="0.006" /><testcase classname="tests.twtags_test" name="test_sty_to_json_color_utility_class[tw_feature2-attr_color1-500]" time="0.005" /><testcase classname="tests.twtags_test" name="test_sty_to_json_color_utility_class[tw_feature2-attr_color1-1]" time="0.006" /><testcase classname="tests.twtags_test" name="test_sty_to_json_color_utility_class[tw_feature2-attr_color1-5]" time="0.006" /><testcase classname="tests.twtags_test" name="test_sty_to_json_color_utility_class[tw_feature2-attr_color2-50]" time="0.005" /><testcase classname="tests.twtags_test" name="test_sty_to_json_color_utility_class[tw_feature2-attr_color2-100]" time="0.006" /><testcase classname="tests.twtags_test" name="test_sty_to_json_color_utility_class[tw_feature2-attr_color2-500]" time="0.006" /><testcase classname="tests.twtags_test" name="test_sty_to_json_color_utility_class[tw_feature2-attr_color2-1]" time="0.007" /><testcase classname="tests.twtags_test" name="test_sty_to_json_color_utility_class[tw_feature2-attr_color2-5]" time="0.005" /><testcase classname="tests.twtags_test" name="test_sty_to_json_other_utility_class[tw_mrpd0-sides0]" time="0.004" /><testcase classname="tests.twtags_test" name="test_sty_to_json_other_utility_class[tw_mrpd0-sides1]" time="0.004" /><testcase classname="tests.twtags_test" name="test_sty_to_json_other_utility_class[tw_mrpd0-sides2]" time="0.004" /><testcase classname="tests.twtags_test" name="test_sty_to_json_other_utility_class[tw_mrpd0-sides3]" time="0.005" /><testcase classname="tests.twtags_test" name="test_sty_to_json_other_utility_class[tw_mrpd1-sides0]" time="0.006" /><testcase classname="tests.twtags_test" name="test_sty_to_json_other_utility_class[tw_mrpd1-sides1]" time="0.005" /><testcase classname="tests.twtags_test" name="test_sty_to_json_other_utility_class[tw_mrpd1-sides2]" time="0.005" /><testcase classname="tests.twtags_test" name="test_sty_to_json_other_utility_class[tw_mrpd1-sides3]" time="0.006" /><testcase classname="tests.twtags_test" name="test_sty_to_json_value_class[sty_value_expr0]" time="0.003" /><testcase classname="tests.twtags_test" name="test_sty_to_json_value_class[sty_value_expr1]" time="0.003" /><testcase classname="tests.twtags_test" name="test_sty_to_json_value_class[sty_value_expr2]" time="0.003" /><testcase classname="tests.twtags_test" name="test_sty_to_json_value_class[sty_value_expr3]" time="0.003" /><testcase classname="tests.twtags_test" name="test_json_to_tw_expr_case_idiv_color[tw_feature0-attr_color0-50]" time="0.005" /><testcase classname="tests.twtags_test" name="test_json_to_tw_expr_case_idiv_color[tw_feature0-attr_color0-100]" time="0.005" /><testcase classname="tests.twtags_test" name="test_json_to_tw_expr_case_idiv_color[tw_feature0-attr_color0-500]" time="0.006" /><testcase classname="tests.twtags_test" name="test_json_to_tw_expr_case_idiv_color[tw_feature0-attr_color0-1]" time="0.007" /><testcase classname="tests.twtags_test" name="test_json_to_tw_expr_case_idiv_color[tw_feature0-attr_color0-5]" time="0.006" /><testcase classname="tests.twtags_test" name="test_json_to_tw_expr_case_idiv_color[tw_feature0-attr_color1-50]" time="0.006" /><testcase classname="tests.twtags_test" name="test_json_to_tw_expr_case_idiv_color[tw_feature0-attr_color1-100]" time="0.008" /><testcase classname="tests.twtags_test" name="test_json_to_tw_expr_case_idiv_color[tw_feature0-attr_color1-500]" time="0.005" /><testcase classname="tests.twtags_test" name="test_json_to_tw_expr_case_idiv_color[tw_feature0-attr_color1-1]" time="0.006" /><testcase classname="tests.twtags_test" name="test_json_to_tw_expr_case_idiv_color[tw_feature0-attr_color1-5]" time="0.005" /><testcase classname="tests.twtags_test" name="test_json_to_tw_expr_case_idiv_color[tw_feature0-attr_color2-50]" time="0.005" /><testcase classname="tests.twtags_test" name="test_json_to_tw_expr_case_idiv_color[tw_feature0-attr_color2-100]" time="0.005" /><testcase classname="tests.twtags_test" name="test_json_to_tw_expr_case_idiv_color[tw_feature0-attr_color2-500]" time="0.006" /><testcase classname="tests.twtags_test" name="test_json_to_tw_expr_case_idiv_color[tw_feature0-attr_color2-1]" time="0.006" /><testcase classname="tests.twtags_test" name="test_json_to_tw_expr_case_idiv_color[tw_feature0-attr_color2-5]" time="0.006" /><testcase classname="tests.twtags_test" name="test_json_to_tw_expr_case_idiv_color[tw_feature1-attr_color0-50]" time="0.006" /><testcase classname="tests.twtags_test" name="test_json_to_tw_expr_case_idiv_color[tw_feature1-attr_color0-100]" time="0.006" /><testcase classname="tests.twtags_test" name="test_json_to_tw_expr_case_idiv_color[tw_feature1-attr_color0-500]" time="0.005" /><testcase classname="tests.twtags_test" name="test_json_to_tw_expr_case_idiv_color[tw_feature1-attr_color0-1]" time="0.005" /><testcase classname="tests.twtags_test" name="test_json_to_tw_expr_case_idiv_color[tw_feature1-attr_color0-5]" time="0.005" /><testcase classname="tests.twtags_test" name="test_json_to_tw_expr_case_idiv_color[tw_feature1-attr_color1-50]" time="0.005" /><testcase classname="tests.twtags_test" name="test_json_to_tw_expr_case_idiv_color[tw_feature1-attr_color1-100]" time="0.005" /><testcase classname="tests.twtags_test" name="test_json_to_tw_expr_case_idiv_color[tw_feature1-attr_color1-500]" time="0.007" /><testcase classname="tests.twtags_test" name="test_json_to_tw_expr_case_idiv_color[tw_feature1-attr_color1-1]" time="0.006" /><testcase classname="tests.twtags_test" name="test_json_to_tw_expr_case_idiv_color[tw_feature1-attr_color1-5]" time="0.006" /><testcase classname="tests.twtags_test" name="test_json_to_tw_expr_case_idiv_color[tw_feature1-attr_color2-50]" time="0.007" /><testcase classname="tests.twtags_test" name="test_json_to_tw_expr_case_idiv_color[tw_feature1-attr_color2-100]" time="0.005" /><testcase classname="tests.twtags_test" name="test_json_to_tw_expr_case_idiv_color[tw_feature1-attr_color2-500]" time="0.005" /><testcase classname="tests.twtags_test" name="test_json_to_tw_expr_case_idiv_color[tw_feature1-attr_color2-1]" time="0.005" /><testcase classname="tests.twtags_test" name="test_json_to_tw_expr_case_idiv_color[tw_feature1-attr_color2-5]" time="0.005" /><testcase classname="tests.twtags_test" name="test_json_to_tw_expr_case_idiv_color[tw_feature2-attr_color0-50]" time="0.005" /><testcase classname="tests.twtags_test" name="test_json_to_tw_expr_case_idiv_color[tw_feature2-attr_color0-100]" time="0.006" /><testcase classname="tests.twtags_test" name="test_json_to_tw_expr_case_idiv_color[tw_feature2-attr_color0-500]" time="0.007" /><testcase classname="tests.twtags_test" name="test_json_to_tw_expr_case_idiv_color[tw_feature2-attr_color0-1]" time="0.006" /><testcase classname="tests.twtags_test" name="test_json_to_tw_expr_case_idiv_color[tw_feature2-attr_color0-5]" time="0.006" /><testcase classname="tests.twtags_test" name="test_json_to_tw_expr_case_idiv_color[tw_feature2-attr_color1-50]" time="0.007" /><testcase classname="tests.twtags_test" name="test_json_to_tw_expr_case_idiv_color[tw_feature2-attr_color1-100]" time="0.005" /><testcase classname="tests.twtags_test" name="test_json_to_tw_expr_case_idiv_color[tw_feature2-attr_color1-500]" time="0.006" /><testcase classname="tests.twtags_test" name="test_json_to_tw_expr_case_idiv_color[tw_feature2-attr_color1-1]" time="0.005" /><testcase classname="tests.twtags_test" name="test_json_to_tw_expr_case_idiv_color[tw_feature2-attr_color1-5]" time="0.005" /><testcase classname="tests.twtags_test" name="test_json_to_tw_expr_case_idiv_color[tw_feature2-attr_color2-50]" time="0.005" /><testcase classname="tests.twtags_test" name="test_json_to_tw_expr_case_idiv_color[tw_feature2-attr_color2-100]" time="0.006" /><testcase classname="tests.twtags_test" name="test_json_to_tw_expr_case_idiv_color[tw_feature2-attr_color2-500]" time="0.006" /><testcase classname="tests.twtags_test" name="test_json_to_tw_expr_case_idiv_color[tw_feature2-attr_color2-1]" time="0.006" /><testcase classname="tests.twtags_test" name="test_json_to_tw_expr_case_idiv_color[tw_feature2-attr_color2-5]" time="0.006" /><testcase classname="tests.twtags_test" name="test_json_to_tw_expr_case_idiv_mrpd[tw_mrpd0-sides0]" time="0.009" /><testcase classname="tests.twtags_test" name="test_json_to_tw_expr_case_idiv_mrpd[tw_mrpd0-sides1]" time="0.005" /><testcase classname="tests.twtags_test" name="test_json_to_tw_expr_case_idiv_mrpd[tw_mrpd0-sides2]" time="0.005" /><testcase classname="tests.twtags_test" name="test_json_to_tw_expr_case_idiv_mrpd[tw_mrpd0-sides3]" time="0.005" /><testcase classname="tests.twtags_test" name="test_json_to_tw_expr_case_idiv_mrpd[tw_mrpd1-sides0]" time="0.005" /><testcase classname="tests.twtags_test" name="test_json_to_tw_expr_case_idiv_mrpd[tw_mrpd1-sides1]" time="0.005" /><testcase classname="tests.twtags_test" name="test_json_to_tw_expr_case_idiv_mrpd[tw_mrpd1-sides2]" time="0.006" /><testcase classname="tests.twtags_test" name="test_json_to_tw_expr_case_idiv_mrpd[tw_mrpd1-sides3]" time="0.006" /><testcase classname="tests.twtags_test" name="test_json_to_tw_expr_case_sty_value[sty_value_expr0]" time="0.004" /><testcase classname="tests.twtags_test" name="test_json_to_tw_expr_case_sty_value[sty_value_expr1]" time="0.004" /><testcase classname="tests.twtags_test" name="test_json_to_tw_expr_case_sty_value[sty_value_expr2]" time="0.005" /><testcase classname="tests.twtags_test" name="test_json_to_tw_expr_case_sty_value[sty_value_expr3]" time="0.004" /><testcase classname="tests.twtags_test" name="test_to_json_sty_value_psuedo_class[sty_value_expr0-hover]" time="0.004" /><testcase classname="tests.twtags_test" name="test_to_json_sty_value_psuedo_class[sty_value_expr0-placeholder]" time="0.004" /><testcase classname="tests.twtags_test" name="test_to_json_sty_value_psuedo_class[sty_value_expr0-selection]" time="0.004" /><testcase classname="tests.twtags_test" name="test_to_json_sty_value_psuedo_class[sty_value_expr1-hover]" time="0.004" /><testcase classname="tests.twtags_test" name="test_to_json_sty_value_psuedo_class[sty_value_expr1-placeholder]" time="0.004" /><testcase classname="tests.twtags_test" name="test_to_json_sty_value_psuedo_class[sty_value_expr1-selection]" time="0.004" /><testcase classname="tests.twtags_test" name="test_to_json_sty_value_psuedo_class[sty_value_expr2-hover]" time="0.006" /><testcase classname="tests.twtags_test" name="test_to_json_sty_value_psuedo_class[sty_value_expr2-placeholder]" time="0.005" /><testcase classname="tests.twtags_test" name="test_to_json_sty_value_psuedo_class[sty_value_expr2-selection]" time="0.005" /><testcase classname="tests.twtags_test" name="test_to_json_sty_value_psuedo_class[sty_value_expr3-hover]" time="0.005" /><testcase classname="tests.twtags_test" name="test_to_json_sty_value_psuedo_class[sty_value_expr3-placeholder]" time="0.005" /><testcase classname="tests.twtags_test" name="test_to_json_sty_value_psuedo_class[sty_value_expr3-selection]" time="0.005" /><testcase classname="tests.twtags_test" name="test_to_json_sty_value_nested_psuedo_class[sty_value_expr0-hover-hover]" time="0.006" /><testcase classname="tests.twtags_test" name="test_to_json_sty_value_nested_psuedo_class[sty_value_expr0-hover-placeholder]" time="0.006" /><testcase classname="tests.twtags_test" name="test_to_json_sty_value_nested_psuedo_class[sty_value_expr0-hover-selection]" time="0.005" /><testcase classname="tests.twtags_test" name="test_to_json_sty_value_nested_psuedo_class[sty_value_expr0-placeholder-hover]" time="0.005" /><testcase classname="tests.twtags_test" name="test_to_json_sty_value_nested_psuedo_class[sty_value_expr0-placeholder-placeholder]" time="0.004" /><testcase classname="tests.twtags_test" name="test_to_json_sty_value_nested_psuedo_class[sty_value_expr0-placeholder-selection]" time="0.005" /><testcase classname="tests.twtags_test" name="test_to_json_sty_value_nested_psuedo_class[sty_value_expr0-selection-hover]" time="0.004" /><testcase classname="tests.twtags_test" name="test_to_json_sty_value_nested_psuedo_class[sty_value_expr0-selection-placeholder]" time="0.006" /><testcase classname="tests.twtags_test" name="test_to_json_sty_value_nested_psuedo_class[sty_value_expr0-selection-selection]" time="0.005" /><testcase classname="tests.twtags_test" name="test_to_json_sty_value_nested_psuedo_class[sty_value_expr1-hover-hover]" time="0.005" /><testcase classname="tests.twtags_test" name="test_to_json_sty_value_nested_psuedo_class[sty_value_expr1-hover-placeholder]" time="0.005" /><testcase classname="tests.twtags_test" name="test_to_json_sty_value_nested_psuedo_class[sty_value_expr1-hover-selection]" time="0.006" /><testcase classname="tests.twtags_test" name="test_to_json_sty_value_nested_psuedo_class[sty_value_expr1-placeholder-hover]" time="0.005" /><testcase classname="tests.twtags_test" name="test_to_json_sty_value_nested_psuedo_class[sty_value_expr1-placeholder-placeholder]" time="0.004" /><testcase classname="tests.twtags_test" name="test_to_json_sty_value_nested_psuedo_class[sty_value_expr1-placeholder-selection]" time="0.005" /><testcase classname="tests.twtags_test" name="test_to_json_sty_value_nested_psuedo_class[sty_value_expr1-selection-hover]" time="0.005" /><testcase classname="tests.twtags_test" name="test_to_json_sty_value_nested_psuedo_class[sty_value_expr1-selection-placeholder]" time="0.004" /><testcase classname="tests.twtags_test" name="test_to_json_sty_value_nested_psuedo_class[sty_value_expr1-selection-selection]" time="0.004" /><testcase classname="tests.twtags_test" name="test_to_json_sty_value_nested_psuedo_class[sty_value_expr2-hover-hover]" time="0.005" /><testcase classname="tests.twtags_test" name="test_to_json_sty_value_nested_psuedo_class[sty_value_expr2-hover-placeholder]" time="0.005" /><testcase classname="tests.twtags_test" name="test_to_json_sty_value_nested_psuedo_class[sty_value_expr2-hover-selection]" time="0.005" /><testcase classname="tests.twtags_test" name="test_to_json_sty_value_nested_psuedo_class[sty_value_expr2-placeholder-hover]" time="0.005" /><testcase classname="tests.twtags_test" name="test_to_json_sty_value_nested_psuedo_class[sty_value_expr2-placeholder-placeholder]" time="0.005" /><testcase classname="tests.twtags_test" name="test_to_json_sty_value_nested_psuedo_class[sty_value_expr2-placeholder-selection]" time="0.007" /><testcase classname="tests.twtags_test" name="test_to_json_sty_value_nested_psuedo_class[sty_value_expr2-selection-hover]" time="0.005" /><testcase classname="tests.twtags_test" name="test_to_json_sty_value_nested_psuedo_class[sty_value_expr2-selection-placeholder]" time="0.005" /><testcase classname="tests.twtags_test" name="test_to_json_sty_value_nested_psuedo_class[sty_value_expr2-selection-selection]" time="0.004" /><testcase classname="tests.twtags_test" name="test_to_json_sty_value_nested_psuedo_class[sty_value_expr3-hover-hover]" time="0.004" /><testcase classname="tests.twtags_test" name="test_to_json_sty_value_nested_psuedo_class[sty_value_expr3-hover-placeholder]" time="0.005" /><testcase classname="tests.twtags_test" name="test_to_json_sty_value_nested_psuedo_class[sty_value_expr3-hover-selection]" time="0.005" /><testcase classname="tests.twtags_test" name="test_to_json_sty_value_nested_psuedo_class[sty_value_expr3-placeholder-hover]" time="0.006" /><testcase classname="tests.twtags_test" name="test_to_json_sty_value_nested_psuedo_class[sty_value_expr3-placeholder-placeholder]" time="0.005" /><testcase classname="tests.twtags_test" name="test_to_json_sty_value_nested_psuedo_class[sty_value_expr3-placeholder-selection]" time="0.005" /><testcase classname="tests.twtags_test" name="test_to_json_sty_value_nested_psuedo_class[sty_value_expr3-selection-hover]" time="0.006" /><testcase classname="tests.twtags_test" name="test_to_json_sty_value_nested_psuedo_class[sty_value_expr3-selection-placeholder]" time="0.006" /><testcase classname="tests.twtags_test" name="test_to_json_sty_value_nested_psuedo_class[sty_value_expr3-selection-selection]" time="0.005" /></testsuite></testsuites>